0.014280099
0.01600213
0.014952442
0.014210013
0.015045647
0.015069796
0.012861566
0.014869868
0.014113048
0.013689587
0.013627584
0.01086415
0.012388254
0.013515139
0.015709022
0.01338986
0.013814954
0.011425098
0.012927436
0.013137931
0.015733901
0.012899662
0.014138542
0.01635281
0.013953515
0.015269986
0.01593664
0.016337655
0.013390662
0.017375203
0.015095931
0.015615628
0.014919134
0.012495052
0.013450904
0.014436461
0.017678136
0.015233494
0.014948767
0.0132944565
0.0146910995
0.014923103
0.017397752
0.014470957
0.015850268
0.017826535
0.015023482
0.01659456
0.017213853
0.017599186
0.014284472
0.018699756
0.015914349
0.016559374
0.015685115
0.013358377
0.014049371
0.01490119
0.018517803
0.015905384
0.015492887
0.013928218
0.015373668
0.015446876
0.017932352
0.015008908
0.016460178
0.018279796
0.015369661
0.016969156
0.01758451
0.017964717
0.0145211
0.019008309
0.016122133
0.016718332
0.015880119
0.013576319
0.014159346
0.014955703
0.01871128
0.015987402
0.015604676
0.0140224015
0.015498001
0.015443114
0.017972525
0.015087547
0.016583428
0.018314227
0.015369331
0.01697652
0.017578423
0.017942104
0.014472382
0.01892331
0.016083032
0.016572136
0.01583524
0.013487564
0.014050498
0.014812876
0.018626936
0.015811268
0.015503173
0.013883788
0.015393747
0.015236802
0.017809039
0.01496843
0.016469248
0.01815389
0.01524266
0.01678025
0.017396808
0.01775916
0.014314523
0.01867463
0.015896311
0.01632307
0.015696732
0.0132795535
0.013847364
0.014600428
0.018413857
0.015531718
0.0153200915
0.013628052
0.015192367
0.014949761
0.017549036
0.014763829
0.01622668
0.017895468
0.015044825
0.016478684
0.017109172
0.017478993
0.014089258
0.018300299
0.01562558
0.015985494
0.015486788
0.012976655
0.013582751
0.014314467
0.018101182
0.015166496
0.015066717
0.013292404
0.014903032
0.014574722
0.017195247
0.014484899
0.015911644
0.017584708
0.014796017
0.01612143
0.01677348
0.01713274
0.013823947
0.017860364
0.015332096
0.01559863
0.015231207
0.012630353
0.013287848
0.013988934
0.017723441
0.014754171
0.014776696
0.012921391
0.014560556
0.014149939
0.016795335
0.014171992
0.015569817
0.01723862
0.014533006
0.015735276
0.016405612
0.0167521
0.013540091
0.01739418
0.015024749
0.015184354
0.014962685
0.012259602
0.012989201
0.013638837
0.017306615
0.01432655
0.014487196
0.012556419
0.014215361
0.01370741
0.016386747
0.01384481
0.0152212195
0.016887043
0.014267234
0.015358294
0.016016323
0.016363349
0.013254967
0.016919019
0.014717033
0.01477431
0.014715645
0.011893348
0.012707642
0.013309013
0.016919548
0.013908644
0.014217127
0.012175197
0.0138814915
0.013289761
0.016008865
0.013533177
0.014882384
0.016522631
0.014030285
0.0149912
0.015625246
0.015970122
0.012982028
0.016442917
0.014434904
0.014391867
0.014493418
0.011546641
0.012461381
0.013024561
0.01655356
0.013502926
0.013966301
0.011821566
0.013573388
0.012904604
0.015641738
0.013242269
0.01456616
0.016180819
0.0138236
0.014648283
0.015268772
0.015597186
0.012745437
0.015991427
0.014193714
0.014046777
0.014314139
0.01123862
0.012249843
0.012777833
0.016209844
0.013140036
0.013743605
0.011514379
0.013295811
0.012556361
0.015311324
0.012978297
0.014294743
0.015885789
0.013665434
0.014334981
0.014950549
0.015255408
0.012551796
0.015569854
0.013984992
0.01374133
0.0141744
0.0109586315
0.012078146
0.012574477
0.01589512
0.012825198
0.013538739
0.011248727
0.013051289
0.01224909
0.015012614
0.012753142
0.01405286
0.015633894
0.013541838
0.014044134
0.014663898
0.014958509
0.012402605
0.015188358
0.013810407
0.01347827
0.014073808
0.010717168
0.011949637
0.012424515
0.015616467
0.01256207
0.013368447
0.011028348
0.01284457
0.011986107
0.014754203
0.01257343
0.013854163
0.015427436
0.013459702
0.0137862265
0.0144203575
0.014710762
0.012299292
0.01485323
0.013679269
0.013266673
0.014020372
0.010525703
0.011862494
0.012327241
0.015383825
0.012357149
0.013228571
0.010846893
0.01268843
0.01177899
0.014544876
0.012438474
