0.01361051
0.011290679
0.009904081
0.009966447
0.008638755
0.008089754
0.0068414835
0.0064363927
0.0061027035
0.005233622
0.004666511
0.004628861
0.004095785
0.0041545043
0.0036678403
0.002754055
0.0030141973
0.0025258982
0.0025002803
0.002512329
0.0024093234
0.002211901
0.002151546
0.0016774994
0.0014554923
0.0017762536
0.0016177588
0.0016338187
0.0013040379
0.0012760052
0.0013502433
0.0011193713
0.0010802606
0.001161968
0.0009870062
0.0011679314
0.0010644312
0.00073507393
0.0009869358
0.0008672433
0.0008555106
0.0009127583
0.00091822585
0.00082901574
0.00085177313
0.00068328675
0.00058590266
0.0008380603
0.00085094455
0.00090364553
0.00070357695
0.00069438224
0.0007899215
0.0006642716
0.00070034247
0.00075814663
0.0006262333
0.00076468114
0.00074275705
0.0005435803
0.0007459504
0.0006987923
0.0006615456
0.00068393745
0.00071081787
0.0006211585
0.0006495815
0.00055764767
0.0004739007
0.00068967685
0.00074188854
0.0007905726
0.00061613065
0.00060624175
0.00069869787
0.00059630006
0.00064711925
0.0006893221
0.00056407315
0.00067929365
0.0006813352
0.0005213501
0.00070041703
0.00067384844
0.00062332186
0.0006239194
0.0006580546
0.00056818454
0.00059327093
0.00052765524
0.00044382998
0.000643746
0.00070938293
0.0007523238
0.00058692775
0.00057737704
0.0006676853
0.0005704366
0.00062589126
0.0006611865
0.00053602445
0.0006427384
0.0006524887
0.00050811446
0.0006774416
0.0006584771
0.0006018239
0.00059025374
0.00062732655
0.0005413013
0.000561489
0.00050828094
0.00042282592
0.00061441236
0.0006859794
0.00072499027
0.000565053
0.00055657036
0.00064611866
0.0005491931
0.00060663687
0.00063917844
0.00051286974
0.00061656104
0.0006292735
0.0004926348
0.000657742
0.0006423344
0.0005825447
0.0005628843
0.00060186896
0.00052097277
0.0005363909
0.0004906854
0.00040389042
0.00058973604
0.0006647522
0.0007012376
0.00054523454
0.0005379408
0.00062740385
0.0005294912
0.00058812916
0.00061952346
0.00049188174
0.00059466844
0.00060824514
0.00047692866
0.0006397489
0.0006263233
0.00056492235
0.00053899456
0.00057934475
0.0005039441
0.00051493756
0.0004745419
0.00038638897
0.0005678304
0.0006452065
0.0006798805
0.0005272392
0.000520983
0.00061043643
0.00051132997
0.00057101203
0.00060187257
0.00047307898
0.000575608
0.0005890828
0.0004621235
0.00062336616
0.0006115594
0.00054880395
0.00051785144
0.0005591057
0.00048899144
0.0004959222
0.00045992178
0.00037050428
0.0005480977
0.0006275363
0.00066055986
0.0005109488
0.00050585327
0.00059489615
0.00049498584
0.00055538415
0.0005860332
0.00045625027
0.0005586212
0.0005716877
0.00044854425
0.000608442
0.0005980902
0.00053430063
0.00049899484
0.00054084917
0.00047555938
0.00047911349
0.00044672613
0.0003560805
0.0005304296
0.0006112876
0.0006430007
0.00049633574
0.0004923495
0.00058072235
0.00048023515
0.00054107315
0.0005717904
0.00044107603
0.00054331694
0.0005557761
0.0004361546
0.000594903
0.00058595877
0.00052141247
0.00048198312
0.0005241806
0.0004634178
0.00046411128
0.00043478468
0.00034295462
0.00051438424
0.00059624214
0.0006271224
0.00048307158
0.00048031204
0.00056784705
0.0004668922
0.0005281401
0.0005588818
0.0004276057
0.00052959914
0.00054120686
0.00042490178
0.0005826047
0.00057478214
0.00050974055
0.0004665581
0.00050897023
0.0004526272
0.00045070163
0.00042404165
0.00033106635
0.0004999118
0.00058245263
0.00061267626
0.00047099844
0.00046942287
0.00055624073
0.00045484086
0.0005163783
0.00054707436
0.0004154009
0.0005171652
0.0005277482
0.00041464533
0.0005714011
0.0005645453
0.0004991584
0.00045250764
0.0004951508
0.00044286033
0.00043856748
0.00041421954
0.000320298
0.0004866776
0.0005697552
0.0005995729
0.0004600015
0.00045954352
0.000545713
0.00044377748
0.000505552
0.0005363748
0.00040436792
0.0005058333
0.0005152601
0.00040532905
0.0005611876
0.00055511814
0.0004895922
0.00043962256
0.0004824615
0.00043395458
0.0004275957
0.00040527395
0.0003104215
0.0004745045
0.00055801624
0.00058773335
0.0004498354
0.00045051868
0.00053591083
0.00043365467
0.0004956641
0.00052650896
0.0003943558
0.00049538974
0.0005036268
