0.0019338243
0.0017659164
0.0015825073
0.0016233108
0.0014313477
0.0013974875
0.0012115042
0.0012265171
0.0011683987
0.0010307258
0.0032395083
0.0030603097
0.002772831
0.0023413077
0.002315432
0.0018723244
0.0017440713
0.0016469865
0.0014401171
0.0015815464
0.0012535715
0.0010911778
0.0010837584
0.0009910545
0.0008416163
0.00093892665
0.0007690509
0.0008225283
0.00063105125
0.000585437
0.0005435633
0.0004568184
0.0004582558
0.0004710881
0.00041398976
0.00037261262
0.00040176074
0.00031731813
0.00029178843
0.0003059577
0.00029705977
0.0003732684
0.00027809478
0.00023016077
0.00025503396
0.00024645816
0.00022676514
0.00025976342
0.00021917094
0.00026741
0.00020087612
0.00017381264
0.00018062149
0.00015974324
0.00017779937
0.00018371045
0.00013868255
0.00017058701
0.00017802848
0.00016557581
0.00013425961
0.00015765728
0.00017632276
0.00020665073
0.00016465169
0.00014031207
0.00015461046
0.0001563571
0.00016484362
0.00016140986
0.00015065185
0.0001852616
0.00015159736
0.000120597266
0.00013448251
0.00012888615
0.00014480037
0.00014306369
9.7332464e-05
0.00014768919
0.00014379593
0.0001505658
0.00011451511
0.00013821965
0.00016144697
0.00017337377
0.00014774573
0.0001300201
0.00013821396
0.00014209587
0.00015783969
0.00014016857
0.0001386283
0.00016669944
0.00014376474
0.00011044576
0.0001253258
0.00012470406
0.00013862309
0.00013388583
8.812495e-05
0.00014340607
0.00013513284
0.00014787218
0.00011024051
0.00013353385
0.00015730635
0.0001623171
0.00014254253
0.000127299
0.00013274545
0.00013750071
0.00015508682
0.00013206834
0.00013400754
0.00015917572
0.00014028161
0.00010604596
0.00012094517
0.00012240795
0.00013505238
0.00012950183
8.4258994e-05
0.00014059371
0.00013076681
0.0001454287
0.00010756981
0.00013041866
0.0001539175
0.00015634371
0.00013892478
0.00012480008
0.0001290626
0.00013434721
0.0001521268
0.00012702472
0.00013060655
0.00015425036
0.00013721448
0.00010265287
0.0001174541
0.00011996213
0.00013176976
0.00012614566
8.1592996e-05
0.00013778874
0.00012740279
0.00014271066
0.00010509782
0.00012751935
0.00015055455
0.00015192051
0.0001356849
0.0001221941
0.00012593786
0.00013149338
0.00014905867
0.00012304622
0.0001276021
0.00015021258
0.00013426213
9.9596e-05
0.00011425771
0.000117469426
0.00012861285
0.00012315655
7.93325e-05
0.00013499541
0.00012442455
0.00013997112
0.0001027635
0.0001247899
0.00014726206
0.00014819004
0.00013267621
0.000119637305
0.0001231042
0.00012882144
0.00014600354
0.000119535536
0.00012476617
0.00014664115
0.00013141631
9.680057e-05
0.0001112977
0.000115044444
0.00012558844
0.00012039044
7.7277924e-05
0.00013230104
0.00012164258
0.00013732418
0.000100544785
0.00012222797
0.00014413534
0.00014479499
0.0001298334
0.000117187425
0.0001205015
0.00012632171
0.00014308622
0.00011633531
0.00012207491
0.00014335028
0.00012873104
9.419225e-05
0.000108568915
0.00011275001
0.00012273256
0.000117829106
7.534845e-05
0.00012973469
0.00011900914
0.00013480887
9.845293e-05
0.00011981166
0.00014114246
0.0001416443
0.0001271354
0.0001148502
0.000118061085
0.0001239622
0.00014031379
0.00011336244
0.00011953754
0.0001402501
0.00012615693
9.1736685e-05
0.00010607674
0.00011058782
0.00012003157
0.000115397335
7.352424e-05
0.00012729164
0.000116550866
0.00013241846
9.648126e-05
0.000117471514
0.00013829143
0.0001386459
0.00012457192
0.00011262839
0.00011574979
0.000121746045
0.00013769488
0.000110573324
0.00011712975
0.00013730922
0.00012368888
8.9454756e-05
0.000103754865
0.000108569264
0.00011745479
0.00011312133
7.181278e-05
0.0001249883
0.000114229704
0.00013012378
9.4614814e-05
0.000115234965
0.00013561195
0.0001358137
0.000122135
0.00011054934
0.000113581365
0.00011965458
0.00013518249
0.00010796498
0.00011488548
0.0001345399
0.00012134221
8.732692e-05
0.00010158324
0.00010666373
0.00011502688
0.00011099381
7.022248e-05
0.00012277332
0.000112054644
0.00012794984
9.285456e-05
0.00011310172
